<?xml version="1.0" encoding="UTF-8"?>
<testng-results skipped="0" failed="0" ignored="0" total="1" passed="1">
  <reporter-output>
  </reporter-output>
  <suite name="Suite" duration-ms="27" started-at="2019-04-26T06:59:10Z" finished-at="2019-04-26T06:59:10Z">
    <groups>
    </groups>
    <test name="Test" duration-ms="27" started-at="2019-04-26T06:59:10Z" finished-at="2019-04-26T06:59:10Z">
      <class name="ZZ.Z">
        <test-method status="PASS" signature="t3()[pri:0, instance:ZZ.Z@4f4a7090]" name="t3" duration-ms="4" started-at="2019-04-26T06:59:10Z" finished-at="2019-04-26T06:59:10Z">
          <reporter-output>
          </reporter-output>
        </test-method> <!-- t3 -->
      </class> <!-- ZZ.Z -->
    </test> <!-- Test -->
  </suite> <!-- Suite -->
</testng-results>
